<?xml version="1.0" encoding="UTF-8" ?>
<testsuite tests="4" failures="0" name="TestAssignment1.CelsiusToFahrenheitTest" time="0.005" errors="0" skipped="0">
  <properties>
[...]
</properties>
  <testcase classname="TestAssignment1.CelsiusToFahrenheitTest" name="testCelToFah" time="0.004"/>
  <testcase classname="TestAssignment1.CelsiusToFahrenheitTest" name="testDoubleButtonClick" time="0"/>
  <testcase classname="TestAssignment1.CelsiusToFahrenheitTest" name="testCelcius" time="0"/>
  <testcase classname="TestAssignment1.CelsiusToFahrenheitTest" name="testButtonClick" time="0.001"/>
</testsuite>